2025-04-06 07:09:30,878:DEBUG:certbot._internal.main:certbot version: 3.3.0
2025-04-06 07:09:30,878:DEBUG:certbot._internal.main:Location of certbot entry point: /usr/local/bin/certbot
2025-04-06 07:09:30,878:DEBUG:certbot._internal.main:Arguments: ['--webroot', '-w', '/var/www/html', '-d', 'samrueduu.shop', '-d', 'backoffice.samrueduu.shop', '-d', 'api.samrueduu.shop', '--agree-tos', '--no-eff-email', '--email', 'appios220@gmail.com', '-v']
2025-04-06 07:09:30,878:DEBUG:certbot._internal.main:Discovered plugins: PluginsRegistry(PluginEntryPoint#manual,PluginEntryPoint#null,PluginEntryPoint#standalone,PluginEntryPoint#webroot)
2025-04-06 07:09:30,946:DEBUG:certbot._internal.log:Root logging level set at 20
2025-04-06 07:09:30,950:DEBUG:certbot._internal.plugins.selection:Requested authenticator webroot and installer None
2025-04-06 07:09:30,950:DEBUG:certbot._internal.plugins.selection:Single candidate plugin: * webroot
Description: Saves the necessary validation files to a .well-known/acme-challenge/ directory within the nominated webroot path. A separate HTTP server must be running and serving files from the webroot path. HTTP challenge only (wildcards not supported).
Interfaces: Authenticator, Plugin
Entry point: EntryPoint(name='webroot', value='certbot._internal.plugins.webroot:Authenticator', group='certbot.plugins')
Initialized: <certbot._internal.plugins.webroot.Authenticator object at 0xffff8a8a6120>
Prep: True
2025-04-06 07:09:30,951:DEBUG:certbot._internal.plugins.selection:Selected authenticator <certbot._internal.plugins.webroot.Authenticator object at 0xffff8a8a6120> and installer None
2025-04-06 07:09:30,951:INFO:certbot._internal.plugins.selection:Plugins selected: Authenticator webroot, Installer None
2025-04-06 07:09:31,067:DEBUG:acme.client:Sending GET request to https://acme-v02.api.letsencrypt.org/directory.
2025-04-06 07:09:31,070:DEBUG:urllib3.connectionpool:Starting new HTTPS connection (1): acme-v02.api.letsencrypt.org:443
2025-04-06 07:09:32,511:DEBUG:urllib3.connectionpool:https://acme-v02.api.letsencrypt.org:443 "GET /directory HTTP/1.1" 200 1042
2025-04-06 07:09:32,514:DEBUG:acme.client:Received response:
HTTP 200
Server: nginx
Date: Sun, 06 Apr 2025 07:09:32 GMT
Content-Type: application/json
Content-Length: 1042
Connection: keep-alive
Cache-Control: public, max-age=0, no-cache
X-Frame-Options: DENY
Strict-Transport-Security: max-age=604800

{
  "kBk6M9Fe0Us": "https://community.letsencrypt.org/t/adding-random-entries-to-the-directory/33417",
  "keyChange": "https://acme-v02.api.letsencrypt.org/acme/key-change",
  "meta": {
    "caaIdentities": [
      "letsencrypt.org"
    ],
    "profiles": {
      "classic": "https://letsencrypt.org/docs/profiles#classic",
      "shortlived": "https://letsencrypt.org/docs/profiles#shortlived (not yet generally available)",
      "tlsserver": "https://letsencrypt.org/docs/profiles#tlsserver (not yet generally available)"
    },
    "termsOfService": "https://letsencrypt.org/documents/LE-SA-v1.5-February-24-2025.pdf",
    "website": "https://letsencrypt.org"
  },
  "newAccount": "https://acme-v02.api.letsencrypt.org/acme/new-acct",
  "newNonce": "https://acme-v02.api.letsencrypt.org/acme/new-nonce",
  "newOrder": "https://acme-v02.api.letsencrypt.org/acme/new-order",
  "renewalInfo": "https://acme-v02.api.letsencrypt.org/draft-ietf-acme-ari-03/renewalInfo",
  "revokeCert": "https://acme-v02.api.letsencrypt.org/acme/revoke-cert"
}
2025-04-06 07:09:32,516:DEBUG:acme.client:Requesting fresh nonce
2025-04-06 07:09:32,517:DEBUG:acme.client:Sending HEAD request to https://acme-v02.api.letsencrypt.org/acme/new-nonce.
2025-04-06 07:09:32,808:DEBUG:urllib3.connectionpool:https://acme-v02.api.letsencrypt.org:443 "HEAD /acme/new-nonce HTTP/1.1" 200 0
2025-04-06 07:09:32,809:DEBUG:acme.client:Received response:
HTTP 200
Server: nginx
Date: Sun, 06 Apr 2025 07:09:32 GMT
Connection: keep-alive
Cache-Control: public, max-age=0, no-cache
Link: <https://acme-v02.api.letsencrypt.org/directory>;rel="index"
Replay-Nonce: TE8jLNxDjq3PJNph0fAUuLzf7CZlFkTKnF4refwJ14elNYTWpgg
X-Frame-Options: DENY
Strict-Transport-Security: max-age=604800


2025-04-06 07:09:32,810:DEBUG:acme.client:Storing nonce: TE8jLNxDjq3PJNph0fAUuLzf7CZlFkTKnF4refwJ14elNYTWpgg
2025-04-06 07:09:32,810:DEBUG:acme.client:JWS payload:
b'{\n  "contact": [\n    "mailto:appios220@gmail.com"\n  ],\n  "termsOfServiceAgreed": true\n}'
2025-04-06 07:09:32,820:DEBUG:acme.client:Sending POST request to https://acme-v02.api.letsencrypt.org/acme/new-acct:
{
  "protected": "eyJhbGciOiAiUlMyNTYiLCAiandrIjogeyJuIjogImgtcUN5cEZUWTVSLTl5cjlHS2hoWmVwTlNBbXdTWkFXZ0FtM2ZDQVZpUElEam0xMVc5ekljZGozZlJ0SHZFMk9ncVU1Q0twX3owdENNSjRKWFViS1ktVi10QkZMbVhBNjcxYVcyYUhqdFJJeHJKcGVyWXE2QmVGOXhlU2hlTVdEZGk3SkpjMEFhRWl0cG8yVVZ1RVJPcFZleTI1SnBOZXRZY2Y0TThqRGIyU2JlS1h6czRCblNzRkVSZjFzb19fMU12Q21RTDBCYWw1R1hzazdsbi01WFBSX3ZydHBoVEEtSVlqcXAwaklmY3ZXa2tjNVY1UlkzdTJpZ1phaVJmQUMyY0NFSGRTNXJFc1pLYWpUQVNnTnNQUC1scXFxU3hTR3V4YVIzWUh5aXN6VTlrekg0TlZFcC1OMEpyRlMzOVlWUGdMaFhPZGRUaDlWYzRLeFhIRzd2USIsICJlIjogIkFRQUIiLCAia3R5IjogIlJTQSJ9LCAibm9uY2UiOiAiVEU4akxOeERqcTNQSk5waDBmQVV1THpmN0NabEZrVEtuRjRyZWZ3SjE0ZWxOWVRXcGdnIiwgInVybCI6ICJodHRwczovL2FjbWUtdjAyLmFwaS5sZXRzZW5jcnlwdC5vcmcvYWNtZS9uZXctYWNjdCJ9",
  "signature": "HUVu3IKl6LTshkq7TNgIhJYZgayTzJfA4A0iMrwOHYDq5L360BAQmvTWSODzBzazq9BXscazTvU9Ou_IbL_KOZO79cHTf2c25Q-0Z9A8U8ZkKJVK95IuEIpQ6LVR57pDB4N8uqR070Bp7y6aY5Ty_GFFGY2ip_Q-rDVcFbElN3rqiaGaGNO7GNVU8kI2ZJHVWAutTALinhsF4NvH4FnQM7AVvG2UT_55wl14LR6URBx_o7FM_uydBlyRXjcZ-4QMEYAeE90KTqCLBqudsEzjRbVGyk0w0Gd3fN71KG9dhO7HoHc51MidFFw3veDB0nWPJP0XVMmlK69w8UZu_i0h0A",
  "payload": "ewogICJjb250YWN0IjogWwogICAgIm1haWx0bzphcHBpb3MyMjBAZ21haWwuY29tIgogIF0sCiAgInRlcm1zT2ZTZXJ2aWNlQWdyZWVkIjogdHJ1ZQp9"
}
2025-04-06 07:09:33,388:DEBUG:urllib3.connectionpool:https://acme-v02.api.letsencrypt.org:443 "POST /acme/new-acct HTTP/1.1" 201 530
2025-04-06 07:09:33,391:DEBUG:acme.client:Received response:
HTTP 201
Server: nginx
Date: Sun, 06 Apr 2025 07:09:33 GMT
Content-Type: application/json
Content-Length: 530
Connection: keep-alive
Boulder-Requester: 2324674877
Cache-Control: public, max-age=0, no-cache
Link: <https://acme-v02.api.letsencrypt.org/directory>;rel="index", <https://letsencrypt.org/documents/LE-SA-v1.5-February-24-2025.pdf>;rel="terms-of-service"
Location: https://acme-v02.api.letsencrypt.org/acme/acct/2324674877
Replay-Nonce: bWFGHD9y8oWQnLc9XmmRKiQ1BVU6q6fVOfXpxorLp7Dw6ca640k
X-Frame-Options: DENY
Strict-Transport-Security: max-age=604800

{
  "key": {
    "kty": "RSA",
    "n": "h-qCypFTY5R-9yr9GKhhZepNSAmwSZAWgAm3fCAViPIDjm11W9zIcdj3fRtHvE2OgqU5CKp_z0tCMJ4JXUbKY-V-tBFLmXA671aW2aHjtRIxrJperYq6BeF9xeSheMWDdi7JJc0AaEitpo2UVuEROpVey25JpNetYcf4M8jDb2SbeKXzs4BnSsFERf1so__1MvCmQL0Bal5GXsk7ln-5XPR_vrtphTA-IYjqp0jIfcvWkkc5V5RY3u2igZaiRfAC2cCEHdS5rEsZKajTASgNsPP-lqqqSxSGuxaR3YHyiszU9kzH4NVEp-N0JrFS39YVPgLhXOddTh9Vc4KxXHG7vQ",
    "e": "AQAB"
  },
  "contact": [
    "mailto:appios220@gmail.com"
  ],
  "createdAt": "2025-04-06T07:09:33.168324261Z",
  "status": "valid"
}
2025-04-06 07:09:33,392:DEBUG:acme.client:Storing nonce: bWFGHD9y8oWQnLc9XmmRKiQ1BVU6q6fVOfXpxorLp7Dw6ca640k
2025-04-06 07:09:33,402:DEBUG:certbot._internal.display.obj:Notifying user: Account registered.
2025-04-06 07:09:33,403:DEBUG:certbot._internal.main:Picked account: <Account(RegistrationResource(body=Registration(key=JWKRSA(key=<ComparableRSAKey(<cryptography.hazmat.bindings._rust.openssl.rsa.RSAPublicKey object at 0xffff89490630>)>), contact=('mailto:appios220@gmail.com',), agreement=None, status='valid', terms_of_service_agreed=None, only_return_existing=None, external_account_binding=None), uri='https://acme-v02.api.letsencrypt.org/acme/acct/2324674877', new_authzr_uri=None, terms_of_service='https://letsencrypt.org/documents/LE-SA-v1.5-February-24-2025.pdf'), 66baaf3c55e2c2d5db433b91e08ae9fb, Meta(creation_dt=datetime.datetime(2025, 4, 6, 7, 9, 33, tzinfo=<UTC>), creation_host='e1a41d3265f5', register_to_eff=None))>
2025-04-06 07:09:33,408:DEBUG:certbot._internal.display.obj:Notifying user: Requesting a certificate for samrueduu.shop and 2 more domains
2025-04-06 07:09:33,436:DEBUG:acme.client:JWS payload:
b'{\n  "identifiers": [\n    {\n      "type": "dns",\n      "value": "samrueduu.shop"\n    },\n    {\n      "type": "dns",\n      "value": "backoffice.samrueduu.shop"\n    },\n    {\n      "type": "dns",\n      "value": "api.samrueduu.shop"\n    }\n  ]\n}'
2025-04-06 07:09:33,438:DEBUG:acme.client:Sending POST request to https://acme-v02.api.letsencrypt.org/acme/new-order:
{
  "protected": "eyJhbGciOiAiUlMyNTYiLCAia2lkIjogImh0dHBzOi8vYWNtZS12MDIuYXBpLmxldHNlbmNyeXB0Lm9yZy9hY21lL2FjY3QvMjMyNDY3NDg3NyIsICJub25jZSI6ICJiV0ZHSEQ5eThvV1FuTGM5WG1tUktpUTFCVlU2cTZmVk9mWHB4b3JMcDdEdzZjYTY0MGsiLCAidXJsIjogImh0dHBzOi8vYWNtZS12MDIuYXBpLmxldHNlbmNyeXB0Lm9yZy9hY21lL25ldy1vcmRlciJ9",
  "signature": "G6nvil_-xnFsorB7j9zhuo1YUJEt8Ud2AHDI-EVmjmk9jphhAphvrUyKzWZv1YURlmJmKAgiiwoZu1x4N-kwu2UOdwsly6vObcLXvYTill_J4H9vl49dt9kGDYbZxH3dSXYS28d8RQjGVN4-6erQaTPanU8HGqpPMV0U1UhTb_D1KIQh3jmgsy4Cx4gJ7MvKFzSlf6QGaI9WMNU2ota5zUJ9lc7opOHTzvsmUGIshLDpjkvC9rKxtHH3pDcXpmBgILSoX0DC23SpjUcXWV-b4DcniFCOEm3TBjUb3i29IJsE2JBm1BapxxxEvhpSWBQBADrgGySukm0ER3_upOrL6A",
  "payload": "ewogICJpZGVudGlmaWVycyI6IFsKICAgIHsKICAgICAgInR5cGUiOiAiZG5zIiwKICAgICAgInZhbHVlIjogInNhbXJ1ZWR1dS5zaG9wIgogICAgfSwKICAgIHsKICAgICAgInR5cGUiOiAiZG5zIiwKICAgICAgInZhbHVlIjogImJhY2tvZmZpY2Uuc2FtcnVlZHV1LnNob3AiCiAgICB9LAogICAgewogICAgICAidHlwZSI6ICJkbnMiLAogICAgICAidmFsdWUiOiAiYXBpLnNhbXJ1ZWR1dS5zaG9wIgogICAgfQogIF0KfQ"
}
2025-04-06 07:09:34,001:DEBUG:urllib3.connectionpool:https://acme-v02.api.letsencrypt.org:443 "POST /acme/new-order HTTP/1.1" 201 653
2025-04-06 07:09:34,002:DEBUG:acme.client:Received response:
HTTP 201
Server: nginx
Date: Sun, 06 Apr 2025 07:09:33 GMT
Content-Type: application/json
Content-Length: 653
Connection: keep-alive
Boulder-Requester: 2324674877
Cache-Control: public, max-age=0, no-cache
Link: <https://acme-v02.api.letsencrypt.org/directory>;rel="index"
Location: https://acme-v02.api.letsencrypt.org/acme/order/2324674877/371267374547
Replay-Nonce: bWFGHD9yIwWDQSZ3sDfh3OBB_RxEI4JvqWBdoF1onyMUpELii8s
X-Frame-Options: DENY
Strict-Transport-Security: max-age=604800

{
  "status": "pending",
  "expires": "2025-04-13T07:09:33Z",
  "identifiers": [
    {
      "type": "dns",
      "value": "api.samrueduu.shop"
    },
    {
      "type": "dns",
      "value": "backoffice.samrueduu.shop"
    },
    {
      "type": "dns",
      "value": "samrueduu.shop"
    }
  ],
  "authorizations": [
    "https://acme-v02.api.letsencrypt.org/acme/authz/2324674877/501235386487",
    "https://acme-v02.api.letsencrypt.org/acme/authz/2324674877/501235386497",
    "https://acme-v02.api.letsencrypt.org/acme/authz/2324674877/501235386507"
  ],
  "finalize": "https://acme-v02.api.letsencrypt.org/acme/finalize/2324674877/371267374547"
}
2025-04-06 07:09:34,003:DEBUG:acme.client:Storing nonce: bWFGHD9yIwWDQSZ3sDfh3OBB_RxEI4JvqWBdoF1onyMUpELii8s
2025-04-06 07:09:34,006:DEBUG:acme.client:JWS payload:
b''
2025-04-06 07:09:34,010:DEBUG:acme.client:Sending POST request to https://acme-v02.api.letsencrypt.org/acme/authz/2324674877/501235386487:
{
  "protected": "eyJhbGciOiAiUlMyNTYiLCAia2lkIjogImh0dHBzOi8vYWNtZS12MDIuYXBpLmxldHNlbmNyeXB0Lm9yZy9hY21lL2FjY3QvMjMyNDY3NDg3NyIsICJub25jZSI6ICJiV0ZHSEQ5eUl3V0RRU1ozc0RmaDNPQkJfUnhFSTRKdnFXQmRvRjFvbnlNVXBFTGlpOHMiLCAidXJsIjogImh0dHBzOi8vYWNtZS12MDIuYXBpLmxldHNlbmNyeXB0Lm9yZy9hY21lL2F1dGh6LzIzMjQ2NzQ4NzcvNTAxMjM1Mzg2NDg3In0",
  "signature": "crSx4j8uS_cGO07-0IY7UtpHadq_u0o4NQ4NScwREwCfOKfBo86KGnp9uIoTC2UT9-9GfPFBaxyCgbfnRYghe5U6fF8G3sRMpLihCG38Y1XxN-zzwLVCghyik7RetPsLNDeBM0oExDjI0VtklKFZgWa0lBLxxG-FbFMhU0uX9e6iI5sq9WoiieUP1Y4f-0SgOp-mkkm_TmIXMIr2MNeU8HIjCPTO884Ef_HyUiRkvZZSkLq4IhmOPjFXnDGdt-KuU66WkSOYfAP0b_a6dWpwtnYWOAw4e3_3ukuckuVXFzD647CGz46BuwZf37iXi-prgo3TfGgL-IPPYQ8TfgLv_g",
  "payload": ""
}
2025-04-06 07:09:34,613:DEBUG:urllib3.connectionpool:https://acme-v02.api.letsencrypt.org:443 "POST /acme/authz/2324674877/501235386487 HTTP/1.1" 200 826
2025-04-06 07:09:34,614:DEBUG:acme.client:Received response:
HTTP 200
Server: nginx
Date: Sun, 06 Apr 2025 07:09:34 GMT
Content-Type: application/json
Content-Length: 826
Connection: keep-alive
Boulder-Requester: 2324674877
Cache-Control: public, max-age=0, no-cache
Link: <https://acme-v02.api.letsencrypt.org/directory>;rel="index"
Replay-Nonce: TE8jLNxD64_P6FH4XitLIywurqD_xWmwCRESKMRb0-TRm7JCam4
X-Frame-Options: DENY
Strict-Transport-Security: max-age=604800

{
  "identifier": {
    "type": "dns",
    "value": "api.samrueduu.shop"
  },
  "status": "pending",
  "expires": "2025-04-13T07:09:33Z",
  "challenges": [
    {
      "type": "tls-alpn-01",
      "url": "https://acme-v02.api.letsencrypt.org/acme/chall/2324674877/501235386487/CbuTYQ",
      "status": "pending",
      "token": "vjjDi_0cF51bX6SmnaM3yxp6kej5Eld6xo9MinLPITE"
    },
    {
      "type": "http-01",
      "url": "https://acme-v02.api.letsencrypt.org/acme/chall/2324674877/501235386487/ajm0GQ",
      "status": "pending",
      "token": "vjjDi_0cF51bX6SmnaM3yxp6kej5Eld6xo9MinLPITE"
    },
    {
      "type": "dns-01",
      "url": "https://acme-v02.api.letsencrypt.org/acme/chall/2324674877/501235386487/KAnyDQ",
      "status": "pending",
      "token": "vjjDi_0cF51bX6SmnaM3yxp6kej5Eld6xo9MinLPITE"
    }
  ]
}
2025-04-06 07:09:34,615:DEBUG:acme.client:Storing nonce: TE8jLNxD64_P6FH4XitLIywurqD_xWmwCRESKMRb0-TRm7JCam4
2025-04-06 07:09:34,616:DEBUG:acme.client:JWS payload:
b''
2025-04-06 07:09:34,619:DEBUG:acme.client:Sending POST request to https://acme-v02.api.letsencrypt.org/acme/authz/2324674877/501235386497:
{
  "protected": "eyJhbGciOiAiUlMyNTYiLCAia2lkIjogImh0dHBzOi8vYWNtZS12MDIuYXBpLmxldHNlbmNyeXB0Lm9yZy9hY21lL2FjY3QvMjMyNDY3NDg3NyIsICJub25jZSI6ICJURThqTE54RDY0X1A2Rkg0WGl0TEl5d3VycURfeFdtd0NSRVNLTVJiMC1UUm03SkNhbTQiLCAidXJsIjogImh0dHBzOi8vYWNtZS12MDIuYXBpLmxldHNlbmNyeXB0Lm9yZy9hY21lL2F1dGh6LzIzMjQ2NzQ4NzcvNTAxMjM1Mzg2NDk3In0",
  "signature": "K4nfxjmkPl52ji_jKCxaAhPBsp_k_46Tm4SqV3xXlv1Xtw8zO_Gd6y6WjAElp6Jo0JAJn5gUghtsJscGu2FgKz_tH8hbpBaiRA2qQvI8bRj5AyvY-aEhePvIV8PtmgnXorTrCyX8kXs52f4V1WE_uhmBLzG9dZRdffTlGpeLMDy_Ja59NNQaDjr-lJuQpvBA-ZL3QkqXyCQUFmTDPgrUA8YZ0P0JCmIzuXUh9apS7bTA2-rGmaR3GpJ0pJi-jYH2arV4v7JdEN6hRjlYjABofUW-Dw3YKXxkncOmDVErHKSxzeSnPXUJdK3MAM-mZPKugtEksm1OZB0TfemPh8FLjw",
  "payload": ""
}
2025-04-06 07:09:35,229:DEBUG:urllib3.connectionpool:https://acme-v02.api.letsencrypt.org:443 "POST /acme/authz/2324674877/501235386497 HTTP/1.1" 200 833
2025-04-06 07:09:35,230:DEBUG:acme.client:Received response:
HTTP 200
Server: nginx
Date: Sun, 06 Apr 2025 07:09:34 GMT
Content-Type: application/json
Content-Length: 833
Connection: keep-alive
Boulder-Requester: 2324674877
Cache-Control: public, max-age=0, no-cache
Link: <https://acme-v02.api.letsencrypt.org/directory>;rel="index"
Replay-Nonce: bWFGHD9yv_fBAFlfuXXZE9VxHsLomj5LgJe_jZL438knAciVLoU
X-Frame-Options: DENY
Strict-Transport-Security: max-age=604800

{
  "identifier": {
    "type": "dns",
    "value": "backoffice.samrueduu.shop"
  },
  "status": "pending",
  "expires": "2025-04-13T07:09:33Z",
  "challenges": [
    {
      "type": "http-01",
      "url": "https://acme-v02.api.letsencrypt.org/acme/chall/2324674877/501235386497/UMc73A",
      "status": "pending",
      "token": "iYL2_ZrICqngqVaVzFJuVARj8qGdj7YuCVuhofVQtjY"
    },
    {
      "type": "dns-01",
      "url": "https://acme-v02.api.letsencrypt.org/acme/chall/2324674877/501235386497/AYfzlA",
      "status": "pending",
      "token": "iYL2_ZrICqngqVaVzFJuVARj8qGdj7YuCVuhofVQtjY"
    },
    {
      "type": "tls-alpn-01",
      "url": "https://acme-v02.api.letsencrypt.org/acme/chall/2324674877/501235386497/n-RpBw",
      "status": "pending",
      "token": "iYL2_ZrICqngqVaVzFJuVARj8qGdj7YuCVuhofVQtjY"
    }
  ]
}
2025-04-06 07:09:35,230:DEBUG:acme.client:Storing nonce: bWFGHD9yv_fBAFlfuXXZE9VxHsLomj5LgJe_jZL438knAciVLoU
2025-04-06 07:09:35,231:DEBUG:acme.client:JWS payload:
b''
2025-04-06 07:09:35,234:DEBUG:acme.client:Sending POST request to https://acme-v02.api.letsencrypt.org/acme/authz/2324674877/501235386507:
{
  "protected": "eyJhbGciOiAiUlMyNTYiLCAia2lkIjogImh0dHBzOi8vYWNtZS12MDIuYXBpLmxldHNlbmNyeXB0Lm9yZy9hY21lL2FjY3QvMjMyNDY3NDg3NyIsICJub25jZSI6ICJiV0ZHSEQ5eXZfZkJBRmxmdVhYWkU5VnhIc0xvbWo1TGdKZV9qWkw0MzhrbkFjaVZMb1UiLCAidXJsIjogImh0dHBzOi8vYWNtZS12MDIuYXBpLmxldHNlbmNyeXB0Lm9yZy9hY21lL2F1dGh6LzIzMjQ2NzQ4NzcvNTAxMjM1Mzg2NTA3In0",
  "signature": "gdrP9ad0l_S3QFAuXRA9UAcrVgRsuN4uacJRVdYrcA6Rq5rHUgMeU63s4WbtPCJpQA60vwNk-6YygX7mltUAr4FL7snfpaqQ2cEt1H0bYKlt0dVayi9GYuo1Zh97wk5lCI7UHgHRfTZ5EnJE0nPQYplsvVxuHqwo9_HaF3RqYsqKcIhkGL8u8r_hpEEpjjfpG7SO0gn4OLz_5ZDgXhAMzYVrkLVB177iyW1GFEMaatO_xDfZljDto3RPdQPm7kPdtHhbRAGBL34UP_LU4obMV3pPMe1PcCyq4vb3LsR-GUUAL-MRIyX61mmQE7pAmWAJcvtQ74i-ZhrPb68FFcs1Qw",
  "payload": ""
}
2025-04-06 07:09:36,159:DEBUG:urllib3.connectionpool:https://acme-v02.api.letsencrypt.org:443 "POST /acme/authz/2324674877/501235386507 HTTP/1.1" 200 822
2025-04-06 07:09:36,165:DEBUG:acme.client:Received response:
HTTP 200
Server: nginx
Date: Sun, 06 Apr 2025 07:09:35 GMT
Content-Type: application/json
Content-Length: 822
Connection: keep-alive
Boulder-Requester: 2324674877
Cache-Control: public, max-age=0, no-cache
Link: <https://acme-v02.api.letsencrypt.org/directory>;rel="index"
Replay-Nonce: bWFGHD9yWi9mj9vVownh3RSqfcu-NTBTVljSg_T1-Gr76lNq4Eg
X-Frame-Options: DENY
Strict-Transport-Security: max-age=604800

{
  "identifier": {
    "type": "dns",
    "value": "samrueduu.shop"
  },
  "status": "pending",
  "expires": "2025-04-13T07:09:33Z",
  "challenges": [
    {
      "type": "http-01",
      "url": "https://acme-v02.api.letsencrypt.org/acme/chall/2324674877/501235386507/-v6jPw",
      "status": "pending",
      "token": "y7NTprjKhXURIOSKOpORDfIcVDZIzP9ntNi-m6oZuTM"
    },
    {
      "type": "tls-alpn-01",
      "url": "https://acme-v02.api.letsencrypt.org/acme/chall/2324674877/501235386507/pAw0NQ",
      "status": "pending",
      "token": "y7NTprjKhXURIOSKOpORDfIcVDZIzP9ntNi-m6oZuTM"
    },
    {
      "type": "dns-01",
      "url": "https://acme-v02.api.letsencrypt.org/acme/chall/2324674877/501235386507/IleeWg",
      "status": "pending",
      "token": "y7NTprjKhXURIOSKOpORDfIcVDZIzP9ntNi-m6oZuTM"
    }
  ]
}
2025-04-06 07:09:36,166:DEBUG:acme.client:Storing nonce: bWFGHD9yWi9mj9vVownh3RSqfcu-NTBTVljSg_T1-Gr76lNq4Eg
2025-04-06 07:09:36,167:INFO:certbot._internal.auth_handler:Performing the following challenges:
2025-04-06 07:09:36,168:INFO:certbot._internal.auth_handler:http-01 challenge for api.samrueduu.shop
2025-04-06 07:09:36,168:INFO:certbot._internal.auth_handler:http-01 challenge for backoffice.samrueduu.shop
2025-04-06 07:09:36,168:INFO:certbot._internal.auth_handler:http-01 challenge for samrueduu.shop
2025-04-06 07:09:36,170:INFO:certbot._internal.plugins.webroot:Using the webroot path /var/www/html for all unmatched domains.
2025-04-06 07:09:36,171:DEBUG:certbot._internal.plugins.webroot:Creating root challenges validation dir at /var/www/html/.well-known/acme-challenge
2025-04-06 07:09:36,174:DEBUG:certbot._internal.plugins.webroot:Creating root challenges validation dir at /var/www/html/.well-known/acme-challenge
2025-04-06 07:09:36,174:DEBUG:certbot._internal.plugins.webroot:Creating root challenges validation dir at /var/www/html/.well-known/acme-challenge
2025-04-06 07:09:36,175:DEBUG:certbot._internal.plugins.webroot:Attempting to save validation to /var/www/html/.well-known/acme-challenge/vjjDi_0cF51bX6SmnaM3yxp6kej5Eld6xo9MinLPITE
2025-04-06 07:09:36,176:DEBUG:certbot._internal.plugins.webroot:Attempting to save validation to /var/www/html/.well-known/acme-challenge/iYL2_ZrICqngqVaVzFJuVARj8qGdj7YuCVuhofVQtjY
2025-04-06 07:09:36,178:DEBUG:certbot._internal.plugins.webroot:Attempting to save validation to /var/www/html/.well-known/acme-challenge/y7NTprjKhXURIOSKOpORDfIcVDZIzP9ntNi-m6oZuTM
2025-04-06 07:09:36,178:DEBUG:acme.client:JWS payload:
b'{}'
2025-04-06 07:09:36,180:DEBUG:acme.client:Sending POST request to https://acme-v02.api.letsencrypt.org/acme/chall/2324674877/501235386487/ajm0GQ:
{
  "protected": "eyJhbGciOiAiUlMyNTYiLCAia2lkIjogImh0dHBzOi8vYWNtZS12MDIuYXBpLmxldHNlbmNyeXB0Lm9yZy9hY21lL2FjY3QvMjMyNDY3NDg3NyIsICJub25jZSI6ICJiV0ZHSEQ5eVdpOW1qOXZWb3duaDNSU3FmY3UtTlRCVFZsalNnX1QxLUdyNzZsTnE0RWciLCAidXJsIjogImh0dHBzOi8vYWNtZS12MDIuYXBpLmxldHNlbmNyeXB0Lm9yZy9hY21lL2NoYWxsLzIzMjQ2NzQ4NzcvNTAxMjM1Mzg2NDg3L2FqbTBHUSJ9",
  "signature": "TKMWasyFt4vIW-q0LxS5ZEhakQsTZAW_47gnsq7qi4XG4-QKzdMJe7i6EFGK8jW67oZmSYcD2KGC7M3rSCBlK71zctyJaoMHsrN_PU-aedAeF5XJBf4Ar3-r96vl1g5_O4RZj0lxQAB_TG-HiLjaQZ4dskWxZKMZgOsM0GPcoA123UdFCZdLpZkP_e6VbIq8qtSQ4WlZVdGC9_2jbu89gCX3aKI8le7tJWjd6a7qjs3GkAHRqwteXZ8HzgqVVtGT0DnLMb8Zw5oumHz3-JszG6aNVX-_MC2hl4w1uFRPrfBHe2OvrNJIBqMlu8fVHiA5Q7wGlK0eINtM_Pa7EZNQ5Q",
  "payload": "e30"
}
2025-04-06 07:09:36,666:DEBUG:urllib3.connectionpool:https://acme-v02.api.letsencrypt.org:443 "POST /acme/chall/2324674877/501235386487/ajm0GQ HTTP/1.1" 200 195
2025-04-06 07:09:36,667:DEBUG:acme.client:Received response:
HTTP 200
Server: nginx
Date: Sun, 06 Apr 2025 07:09:36 GMT
Content-Type: application/json
Content-Length: 195
Connection: keep-alive
Boulder-Requester: 2324674877
Cache-Control: public, max-age=0, no-cache
Link: <https://acme-v02.api.letsencrypt.org/directory>;rel="index", <https://acme-v02.api.letsencrypt.org/acme/authz/2324674877/501235386487>;rel="up"
Location: https://acme-v02.api.letsencrypt.org/acme/chall/2324674877/501235386487/ajm0GQ
Replay-Nonce: TE8jLNxDKap4XMyoJAg6yHLwn8Oh5-IbxRrE8wCOr4Si4ig_HII
X-Frame-Options: DENY
Strict-Transport-Security: max-age=604800

{
  "type": "http-01",
  "url": "https://acme-v02.api.letsencrypt.org/acme/chall/2324674877/501235386487/ajm0GQ",
  "status": "pending",
  "token": "vjjDi_0cF51bX6SmnaM3yxp6kej5Eld6xo9MinLPITE"
}
2025-04-06 07:09:36,668:DEBUG:acme.client:Storing nonce: TE8jLNxDKap4XMyoJAg6yHLwn8Oh5-IbxRrE8wCOr4Si4ig_HII
2025-04-06 07:09:36,680:DEBUG:acme.client:JWS payload:
b'{}'
2025-04-06 07:09:36,687:DEBUG:acme.client:Sending POST request to https://acme-v02.api.letsencrypt.org/acme/chall/2324674877/501235386497/UMc73A:
{
  "protected": "eyJhbGciOiAiUlMyNTYiLCAia2lkIjogImh0dHBzOi8vYWNtZS12MDIuYXBpLmxldHNlbmNyeXB0Lm9yZy9hY21lL2FjY3QvMjMyNDY3NDg3NyIsICJub25jZSI6ICJURThqTE54REthcDRYTXlvSkFnNnlITHduOE9oNS1JYnhSckU4d0NPcjRTaTRpZ19ISUkiLCAidXJsIjogImh0dHBzOi8vYWNtZS12MDIuYXBpLmxldHNlbmNyeXB0Lm9yZy9hY21lL2NoYWxsLzIzMjQ2NzQ4NzcvNTAxMjM1Mzg2NDk3L1VNYzczQSJ9",
  "signature": "WSIe-i3tvfsJlRwv2g2Lpvk2KJzzJsWHDkmEZarmz2MmEnz5EPrS761RtvZiTKehS-nJypIo2l1X9OC1a5GVkN0LAy6ves6P2h8fI6kPaNQF5FL5HCTwBqbZWopLRv3d2LnO_S9jo1pH0p6IDns0awIOx1k_kvC7q8snM1dhdu5Z4k7v5dhF1MlT5H6wisR59FEmpJkOQEmfZpzSRXXdasYUc8MvMuYgjN8FJfLBqCOrEja-3Wn-s5E2ZNHkK5KQu9UcvactiJixnIjYLSGvDFMMjS1QFnaY1j12dR_UkPLRF4NBQCph0_Va-v0W2SGcc1yG4KZpwHHHWbUfZncllA",
  "payload": "e30"
}
2025-04-06 07:09:36,987:DEBUG:urllib3.connectionpool:https://acme-v02.api.letsencrypt.org:443 "POST /acme/chall/2324674877/501235386497/UMc73A HTTP/1.1" 200 195
2025-04-06 07:09:36,988:DEBUG:acme.client:Received response:
HTTP 200
Server: nginx
Date: Sun, 06 Apr 2025 07:09:36 GMT
Content-Type: application/json
Content-Length: 195
Connection: keep-alive
Boulder-Requester: 2324674877
Cache-Control: public, max-age=0, no-cache
Link: <https://acme-v02.api.letsencrypt.org/directory>;rel="index", <https://acme-v02.api.letsencrypt.org/acme/authz/2324674877/501235386497>;rel="up"
Location: https://acme-v02.api.letsencrypt.org/acme/chall/2324674877/501235386497/UMc73A
Replay-Nonce: bWFGHD9yUIUlx3vo4ygGljjBIHlZyYao9Y2oiggg363ObOehSm8
X-Frame-Options: DENY
Strict-Transport-Security: max-age=604800

{
  "type": "http-01",
  "url": "https://acme-v02.api.letsencrypt.org/acme/chall/2324674877/501235386497/UMc73A",
  "status": "pending",
  "token": "iYL2_ZrICqngqVaVzFJuVARj8qGdj7YuCVuhofVQtjY"
}
2025-04-06 07:09:36,988:DEBUG:acme.client:Storing nonce: bWFGHD9yUIUlx3vo4ygGljjBIHlZyYao9Y2oiggg363ObOehSm8
2025-04-06 07:09:36,989:DEBUG:acme.client:JWS payload:
b'{}'
2025-04-06 07:09:36,992:DEBUG:acme.client:Sending POST request to https://acme-v02.api.letsencrypt.org/acme/chall/2324674877/501235386507/-v6jPw:
{
  "protected": "eyJhbGciOiAiUlMyNTYiLCAia2lkIjogImh0dHBzOi8vYWNtZS12MDIuYXBpLmxldHNlbmNyeXB0Lm9yZy9hY21lL2FjY3QvMjMyNDY3NDg3NyIsICJub25jZSI6ICJiV0ZHSEQ5eVVJVWx4M3ZvNHlnR2xqakJJSGxaeVlhbzlZMm9pZ2dnMzYzT2JPZWhTbTgiLCAidXJsIjogImh0dHBzOi8vYWNtZS12MDIuYXBpLmxldHNlbmNyeXB0Lm9yZy9hY21lL2NoYWxsLzIzMjQ2NzQ4NzcvNTAxMjM1Mzg2NTA3Ly12NmpQdyJ9",
  "signature": "YRyF-B5LKj-o7P0ED1v-JcHjsNFDga_kLc4kU_YSDKv5O6OpSsUr1vJxYOyZRQDQFfPegbrc7ZDyTUguwbit7j-z9OwNFRPfpbsYt0QSR8bDe7zGInvUd83a8ClT2ds2TbzJ2Kc3JzfT_wZbKyLoxHWYe1BnQxyylLxsadmijUn4eJPNaK614PMCA7t9lxY3Nx2Cmi5bH1348PmHxmg2oHOyXVRyZqZtw6miYPKkKYwV5M21iX2e0oDAeJK2rHPjmiFR2-3yJxG6cDtGNyQe5zg_51pv7zikka7Oeav58rVF68-MajZQ48rSmHKAkgMhR_Tsb1rwP_ypFn1yG7YuuQ",
  "payload": "e30"
}
2025-04-06 07:09:37,326:DEBUG:urllib3.connectionpool:https://acme-v02.api.letsencrypt.org:443 "POST /acme/chall/2324674877/501235386507/-v6jPw HTTP/1.1" 200 195
2025-04-06 07:09:37,326:DEBUG:acme.client:Received response:
HTTP 200
Server: nginx
Date: Sun, 06 Apr 2025 07:09:37 GMT
Content-Type: application/json
Content-Length: 195
Connection: keep-alive
Boulder-Requester: 2324674877
Cache-Control: public, max-age=0, no-cache
Link: <https://acme-v02.api.letsencrypt.org/directory>;rel="index", <https://acme-v02.api.letsencrypt.org/acme/authz/2324674877/501235386507>;rel="up"
Location: https://acme-v02.api.letsencrypt.org/acme/chall/2324674877/501235386507/-v6jPw
Replay-Nonce: bWFGHD9ygULAtY4oruSVFN7lqubcF0lR3gTgoHAxSsq04vpgnJ0
X-Frame-Options: DENY
Strict-Transport-Security: max-age=604800

{
  "type": "http-01",
  "url": "https://acme-v02.api.letsencrypt.org/acme/chall/2324674877/501235386507/-v6jPw",
  "status": "pending",
  "token": "y7NTprjKhXURIOSKOpORDfIcVDZIzP9ntNi-m6oZuTM"
}
2025-04-06 07:09:37,327:DEBUG:acme.client:Storing nonce: bWFGHD9ygULAtY4oruSVFN7lqubcF0lR3gTgoHAxSsq04vpgnJ0
2025-04-06 07:09:37,327:INFO:certbot._internal.auth_handler:Waiting for verification...
2025-04-06 07:09:38,329:DEBUG:acme.client:JWS payload:
b''
2025-04-06 07:09:38,333:DEBUG:acme.client:Sending POST request to https://acme-v02.api.letsencrypt.org/acme/authz/2324674877/501235386487:
{
  "protected": "eyJhbGciOiAiUlMyNTYiLCAia2lkIjogImh0dHBzOi8vYWNtZS12MDIuYXBpLmxldHNlbmNyeXB0Lm9yZy9hY21lL2FjY3QvMjMyNDY3NDg3NyIsICJub25jZSI6ICJiV0ZHSEQ5eWdVTEF0WTRvcnVTVkZON2xxdWJjRjBsUjNnVGdvSEF4U3NxMDR2cGduSjAiLCAidXJsIjogImh0dHBzOi8vYWNtZS12MDIuYXBpLmxldHNlbmNyeXB0Lm9yZy9hY21lL2F1dGh6LzIzMjQ2NzQ4NzcvNTAxMjM1Mzg2NDg3In0",
  "signature": "IfiZvfYcU_ZWfTN95hzfy2eWbLWLNniPIbmQT3lGBeSLfREplP71p04MhXq3mzSwuHK2Ou_DeNrGKQETa6uJ1AjB_h4tArDlu3P0Kgx1xgqE9I_9wTzUTnNkn1IxFoS4shOhsF2HjKFnzwO_iUXRiIe8z-zoChVmjeReD6HnjT0tvp3Xq0fLe219z7AdYVVq__hAun3Wy9FVnfandX14BJMsxJaAhshLVw0-v9igKUukNWc4zp4n3ULW2aFgcnuUgmtMnJO3xP2YVN8bCsD-KQVAjqk3Gmeda8ynIW9G7fT3z4ic-H0zUjsI8LS406Chq4DdvcB2nuycfDeSxII5fA",
  "payload": ""
}
2025-04-06 07:09:38,728:DEBUG:urllib3.connectionpool:https://acme-v02.api.letsencrypt.org:443 "POST /acme/authz/2324674877/501235386487 HTTP/1.1" 200 1042
2025-04-06 07:09:38,730:DEBUG:acme.client:Received response:
HTTP 200
Server: nginx
Date: Sun, 06 Apr 2025 07:09:38 GMT
Content-Type: application/json
Content-Length: 1042
Connection: keep-alive
Boulder-Requester: 2324674877
Cache-Control: public, max-age=0, no-cache
Link: <https://acme-v02.api.letsencrypt.org/directory>;rel="index"
Replay-Nonce: TE8jLNxDXucEmKhLA1e6YJ3rbHnqem_UQA7QADQRtKyqsiJTwYI
X-Frame-Options: DENY
Strict-Transport-Security: max-age=604800

{
  "identifier": {
    "type": "dns",
    "value": "api.samrueduu.shop"
  },
  "status": "invalid",
  "expires": "2025-04-13T07:09:33Z",
  "challenges": [
    {
      "type": "http-01",
      "url": "https://acme-v02.api.letsencrypt.org/acme/chall/2324674877/501235386487/ajm0GQ",
      "status": "invalid",
      "validated": "2025-04-06T07:09:36Z",
      "error": {
        "type": "urn:ietf:params:acme:error:connection",
        "detail": "3.0.101.103: Fetching http://api.samrueduu.shop/.well-known/acme-challenge/vjjDi_0cF51bX6SmnaM3yxp6kej5Eld6xo9MinLPITE: Connection refused",
        "status": 400
      },
      "token": "vjjDi_0cF51bX6SmnaM3yxp6kej5Eld6xo9MinLPITE",
      "validationRecord": [
        {
          "url": "http://api.samrueduu.shop/.well-known/acme-challenge/vjjDi_0cF51bX6SmnaM3yxp6kej5Eld6xo9MinLPITE",
          "hostname": "api.samrueduu.shop",
          "port": "80",
          "addressesResolved": [
            "3.0.101.103"
          ],
          "addressUsed": "3.0.101.103"
        }
      ]
    }
  ]
}
2025-04-06 07:09:38,730:DEBUG:acme.client:Storing nonce: TE8jLNxDXucEmKhLA1e6YJ3rbHnqem_UQA7QADQRtKyqsiJTwYI
2025-04-06 07:09:38,732:DEBUG:acme.client:JWS payload:
b''
2025-04-06 07:09:38,735:DEBUG:acme.client:Sending POST request to https://acme-v02.api.letsencrypt.org/acme/authz/2324674877/501235386497:
{
  "protected": "eyJhbGciOiAiUlMyNTYiLCAia2lkIjogImh0dHBzOi8vYWNtZS12MDIuYXBpLmxldHNlbmNyeXB0Lm9yZy9hY21lL2FjY3QvMjMyNDY3NDg3NyIsICJub25jZSI6ICJURThqTE54RFh1Y0VtS2hMQTFlNllKM3JiSG5xZW1fVVFBN1FBRFFSdEt5cXNpSlR3WUkiLCAidXJsIjogImh0dHBzOi8vYWNtZS12MDIuYXBpLmxldHNlbmNyeXB0Lm9yZy9hY21lL2F1dGh6LzIzMjQ2NzQ4NzcvNTAxMjM1Mzg2NDk3In0",
  "signature": "YsU_O8Xb2N78DLXr8UGZrtYG1hhXbB7670k0iZLtriPpI2A-uITAodutqh3DY_M1CaeVOnl_7N1PKnb3hgGmJDV4bFRH6zHV-iFxiVk-Ea1YCVjAJY72RzDGtkvft7hx_EX_OEmDk5OY0xWKhHbxUtyKmDuOf3VhjZWJ9J-hhv4nwK24xizpVVTFyeoWCUKzkcj-nc5tDjkfqpyduQ5SLyplV-z-WuNe8Dp2E8mSrcl_B0puw1y1luHSYe5ZcoNshhw9ZNp3sEP3HdGb9yibRW0T7YzsE9R4_oz0U12exsCA5fl6UCY9YaoyP3HS_PlFDO8soW0n3_Sk6On6pQ7JNg",
  "payload": ""
}
2025-04-06 07:09:39,222:DEBUG:urllib3.connectionpool:https://acme-v02.api.letsencrypt.org:443 "POST /acme/authz/2324674877/501235386497 HTTP/1.1" 200 1070
2025-04-06 07:09:39,224:DEBUG:acme.client:Received response:
HTTP 200
Server: nginx
Date: Sun, 06 Apr 2025 07:09:39 GMT
Content-Type: application/json
Content-Length: 1070
Connection: keep-alive
Boulder-Requester: 2324674877
Cache-Control: public, max-age=0, no-cache
Link: <https://acme-v02.api.letsencrypt.org/directory>;rel="index"
Replay-Nonce: TE8jLNxD0bZ0PNUfWeH3kM8TtTHB9nxoTZkJfY_b4jO0ILLCv2Q
X-Frame-Options: DENY
Strict-Transport-Security: max-age=604800

{
  "identifier": {
    "type": "dns",
    "value": "backoffice.samrueduu.shop"
  },
  "status": "invalid",
  "expires": "2025-04-13T07:09:33Z",
  "challenges": [
    {
      "type": "http-01",
      "url": "https://acme-v02.api.letsencrypt.org/acme/chall/2324674877/501235386497/UMc73A",
      "status": "invalid",
      "validated": "2025-04-06T07:09:36Z",
      "error": {
        "type": "urn:ietf:params:acme:error:connection",
        "detail": "3.0.101.103: Fetching http://backoffice.samrueduu.shop/.well-known/acme-challenge/iYL2_ZrICqngqVaVzFJuVARj8qGdj7YuCVuhofVQtjY: Connection refused",
        "status": 400
      },
      "token": "iYL2_ZrICqngqVaVzFJuVARj8qGdj7YuCVuhofVQtjY",
      "validationRecord": [
        {
          "url": "http://backoffice.samrueduu.shop/.well-known/acme-challenge/iYL2_ZrICqngqVaVzFJuVARj8qGdj7YuCVuhofVQtjY",
          "hostname": "backoffice.samrueduu.shop",
          "port": "80",
          "addressesResolved": [
            "3.0.101.103"
          ],
          "addressUsed": "3.0.101.103"
        }
      ]
    }
  ]
}
2025-04-06 07:09:39,225:DEBUG:acme.client:Storing nonce: TE8jLNxD0bZ0PNUfWeH3kM8TtTHB9nxoTZkJfY_b4jO0ILLCv2Q
2025-04-06 07:09:39,226:DEBUG:acme.client:JWS payload:
b''
2025-04-06 07:09:39,229:DEBUG:acme.client:Sending POST request to https://acme-v02.api.letsencrypt.org/acme/authz/2324674877/501235386507:
{
  "protected": "eyJhbGciOiAiUlMyNTYiLCAia2lkIjogImh0dHBzOi8vYWNtZS12MDIuYXBpLmxldHNlbmNyeXB0Lm9yZy9hY21lL2FjY3QvMjMyNDY3NDg3NyIsICJub25jZSI6ICJURThqTE54RDBiWjBQTlVmV2VIM2tNOFR0VEhCOW54b1Raa0pmWV9iNGpPMElMTEN2MlEiLCAidXJsIjogImh0dHBzOi8vYWNtZS12MDIuYXBpLmxldHNlbmNyeXB0Lm9yZy9hY21lL2F1dGh6LzIzMjQ2NzQ4NzcvNTAxMjM1Mzg2NTA3In0",
  "signature": "fKYS4-6Y4rDO4m3zTJ152uqLExHG6woq8du2co9zaYwcY2UG3mnJVMyVyPsVWTUWFs4hvnM4J-WuKNAAIuxAOJSYqNmCLtC_9sygsa4fYCfaxPklWBsUPDyLCmIqMZVk2SIMqhU43Ftd1nKHkJmbfKT3WFZ_3XTimdFgWXlpalEv2LetC-LLjb8Cezxa1NUI_EsKd-QFKh1SnEy3X0KOgGaJTLWO4wIeJelFhf2aVcOclXGLb2t3Sa4TsAztzAGMXXaJxCFXoVYkNKD22DFspJ-SBJxOop5rTEDyqduDupdqQInBBg0oJYt3l-0YS3EpPDCgckzpR0Mi0fFzeOGCsA",
  "payload": ""
}
2025-04-06 07:09:39,592:DEBUG:urllib3.connectionpool:https://acme-v02.api.letsencrypt.org:443 "POST /acme/authz/2324674877/501235386507 HTTP/1.1" 200 1026
2025-04-06 07:09:39,594:DEBUG:acme.client:Received response:
HTTP 200
Server: nginx
Date: Sun, 06 Apr 2025 07:09:39 GMT
Content-Type: application/json
Content-Length: 1026
Connection: keep-alive
Boulder-Requester: 2324674877
Cache-Control: public, max-age=0, no-cache
Link: <https://acme-v02.api.letsencrypt.org/directory>;rel="index"
Replay-Nonce: bWFGHD9yUmqNxu-xlCnaq_ulSHe4l-TWgpkiVknlzTnHqXTJan4
X-Frame-Options: DENY
Strict-Transport-Security: max-age=604800

{
  "identifier": {
    "type": "dns",
    "value": "samrueduu.shop"
  },
  "status": "invalid",
  "expires": "2025-04-13T07:09:33Z",
  "challenges": [
    {
      "type": "http-01",
      "url": "https://acme-v02.api.letsencrypt.org/acme/chall/2324674877/501235386507/-v6jPw",
      "status": "invalid",
      "validated": "2025-04-06T07:09:37Z",
      "error": {
        "type": "urn:ietf:params:acme:error:connection",
        "detail": "3.0.101.103: Fetching http://samrueduu.shop/.well-known/acme-challenge/y7NTprjKhXURIOSKOpORDfIcVDZIzP9ntNi-m6oZuTM: Connection refused",
        "status": 400
      },
      "token": "y7NTprjKhXURIOSKOpORDfIcVDZIzP9ntNi-m6oZuTM",
      "validationRecord": [
        {
          "url": "http://samrueduu.shop/.well-known/acme-challenge/y7NTprjKhXURIOSKOpORDfIcVDZIzP9ntNi-m6oZuTM",
          "hostname": "samrueduu.shop",
          "port": "80",
          "addressesResolved": [
            "3.0.101.103"
          ],
          "addressUsed": "3.0.101.103"
        }
      ]
    }
  ]
}
2025-04-06 07:09:39,594:DEBUG:acme.client:Storing nonce: bWFGHD9yUmqNxu-xlCnaq_ulSHe4l-TWgpkiVknlzTnHqXTJan4
2025-04-06 07:09:39,595:INFO:certbot._internal.auth_handler:Challenge failed for domain api.samrueduu.shop
2025-04-06 07:09:39,596:INFO:certbot._internal.auth_handler:Challenge failed for domain backoffice.samrueduu.shop
2025-04-06 07:09:39,596:INFO:certbot._internal.auth_handler:Challenge failed for domain samrueduu.shop
2025-04-06 07:09:39,597:INFO:certbot._internal.auth_handler:http-01 challenge for api.samrueduu.shop
2025-04-06 07:09:39,597:INFO:certbot._internal.auth_handler:http-01 challenge for backoffice.samrueduu.shop
2025-04-06 07:09:39,597:INFO:certbot._internal.auth_handler:http-01 challenge for samrueduu.shop
2025-04-06 07:09:39,599:DEBUG:certbot._internal.display.obj:Notifying user: 
Certbot failed to authenticate some domains (authenticator: webroot). The Certificate Authority reported these problems:
  Domain: api.samrueduu.shop
  Type:   connection
  Detail: 3.0.101.103: Fetching http://api.samrueduu.shop/.well-known/acme-challenge/vjjDi_0cF51bX6SmnaM3yxp6kej5Eld6xo9MinLPITE: Connection refused

  Domain: backoffice.samrueduu.shop
  Type:   connection
  Detail: 3.0.101.103: Fetching http://backoffice.samrueduu.shop/.well-known/acme-challenge/iYL2_ZrICqngqVaVzFJuVARj8qGdj7YuCVuhofVQtjY: Connection refused

  Domain: samrueduu.shop
  Type:   connection
  Detail: 3.0.101.103: Fetching http://samrueduu.shop/.well-known/acme-challenge/y7NTprjKhXURIOSKOpORDfIcVDZIzP9ntNi-m6oZuTM: Connection refused

Hint: The Certificate Authority failed to download the temporary challenge files created by Certbot. Ensure that the listed domains serve their content from the provided --webroot-path/-w and that files created there can be downloaded from the internet.

2025-04-06 07:09:39,610:DEBUG:certbot._internal.error_handler:Encountered exception:
Traceback (most recent call last):
  File "/opt/certbot/src/certbot/certbot/_internal/auth_handler.py", line 108, in handle_authorizations
    self._poll_authorizations(authzrs, max_retries, max_time_mins, best_effort)
  File "/opt/certbot/src/certbot/certbot/_internal/auth_handler.py", line 212, in _poll_authorizations
    raise errors.AuthorizationError('Some challenges have failed.')
certbot.errors.AuthorizationError: Some challenges have failed.

2025-04-06 07:09:39,610:DEBUG:certbot._internal.error_handler:Calling registered functions
2025-04-06 07:09:39,610:INFO:certbot._internal.auth_handler:Cleaning up challenges
2025-04-06 07:09:39,611:DEBUG:certbot._internal.plugins.webroot:Removing /var/www/html/.well-known/acme-challenge/vjjDi_0cF51bX6SmnaM3yxp6kej5Eld6xo9MinLPITE
2025-04-06 07:09:39,615:DEBUG:certbot._internal.plugins.webroot:Removing /var/www/html/.well-known/acme-challenge/iYL2_ZrICqngqVaVzFJuVARj8qGdj7YuCVuhofVQtjY
2025-04-06 07:09:39,616:DEBUG:certbot._internal.plugins.webroot:Removing /var/www/html/.well-known/acme-challenge/y7NTprjKhXURIOSKOpORDfIcVDZIzP9ntNi-m6oZuTM
2025-04-06 07:09:39,620:DEBUG:certbot._internal.plugins.webroot:All challenges cleaned up
2025-04-06 07:09:39,634:DEBUG:certbot._internal.log:Exiting abnormally:
Traceback (most recent call last):
  File "/usr/local/bin/certbot", line 33, in <module>
    sys.exit(load_entry_point('certbot', 'console_scripts', 'certbot')())
             ^^^^^^^^^^^^^^^^^^^^^^^^^^^^^^^^^^^^^^^^^^^^^^^^^^^^^^^^^^^
  File "/opt/certbot/src/certbot/certbot/main.py", line 19, in main
    return internal_main.main(cli_args)
           ^^^^^^^^^^^^^^^^^^^^^^^^^^^^
  File "/opt/certbot/src/certbot/certbot/_internal/main.py", line 1871, in main
    return config.func(config, plugins)
           ^^^^^^^^^^^^^^^^^^^^^^^^^^^^
  File "/opt/certbot/src/certbot/certbot/_internal/main.py", line 1577, in certonly
    lineage = _get_and_save_cert(le_client, config, domains, certname, lineage)
              ^^^^^^^^^^^^^^^^^^^^^^^^^^^^^^^^^^^^^^^^^^^^^^^^^^^^^^^^^^^^^^^^^
  File "/opt/certbot/src/certbot/certbot/_internal/main.py", line 142, in _get_and_save_cert
    lineage = le_client.obtain_and_enroll_certificate(domains, certname)
              ^^^^^^^^^^^^^^^^^^^^^^^^^^^^^^^^^^^^^^^^^^^^^^^^^^^^^^^^^^
  File "/opt/certbot/src/certbot/certbot/_internal/client.py", line 513, in obtain_and_enroll_certificate
    cert, chain, key, _ = self.obtain_certificate(domains)
                          ^^^^^^^^^^^^^^^^^^^^^^^^^^^^^^^^
  File "/opt/certbot/src/certbot/certbot/_internal/client.py", line 423, in obtain_certificate
    orderr = self._get_order_and_authorizations(csr.data, self.config.allow_subset_of_names)
             ^^^^^^^^^^^^^^^^^^^^^^^^^^^^^^^^^^^^^^^^^^^^^^^^^^^^^^^^^^^^^^^^^^^^^^^^^^^^^^^
  File "/opt/certbot/src/certbot/certbot/_internal/client.py", line 492, in _get_order_and_authorizations
    authzr = self.auth_handler.handle_authorizations(orderr, self.config, best_effort)
             ^^^^^^^^^^^^^^^^^^^^^^^^^^^^^^^^^^^^^^^^^^^^^^^^^^^^^^^^^^^^^^^^^^^^^^^^^
  File "/opt/certbot/src/certbot/certbot/_internal/auth_handler.py", line 108, in handle_authorizations
    self._poll_authorizations(authzrs, max_retries, max_time_mins, best_effort)
  File "/opt/certbot/src/certbot/certbot/_internal/auth_handler.py", line 212, in _poll_authorizations
    raise errors.AuthorizationError('Some challenges have failed.')
certbot.errors.AuthorizationError: Some challenges have failed.
2025-04-06 07:09:39,661:ERROR:certbot._internal.log:Some challenges have failed.
